TN:
SF:dist\use-cases\delete-feedback-use-case.js
FN:8,execute
FN:5,DeleteFeedbacksUseCase
FNF:2
FNH:2
FNDA:1,execute
FNDA:1,DeleteFeedbacksUseCase
DA:1,1
DA:2,1
DA:3,1
DA:4,1
DA:5,1
DA:6,1
DA:7,1
DA:8,1
DA:9,1
DA:10,1
DA:11,1
DA:12,1
DA:13,1
DA:14,1
LF:14
LH:14
BRDA:8,0,0,1
BRDA:5,1,0,1
BRF:2
BRH:2
end_of_record
TN:
SF:dist\use-cases\get-feedbacks-use-case.js
FN:8,execute
FN:5,GetFeedbacksUseCase
FNF:2
FNH:2
FNDA:1,execute
FNDA:1,GetFeedbacksUseCase
DA:1,1
DA:2,1
DA:3,1
DA:4,1
DA:5,1
DA:6,1
DA:7,1
DA:8,1
DA:9,1
DA:10,1
DA:11,1
DA:12,1
DA:13,1
DA:14,1
DA:15,1
LF:15
LH:15
BRDA:8,0,0,1
BRDA:5,1,0,1
BRF:2
BRH:2
end_of_record
TN:
SF:dist\use-cases\submit-feedback-use-case.js
FN:9,execute
FN:5,SubmitFeedbackUseCase
FNF:2
FNH:2
FNDA:5,execute
FNDA:1,SubmitFeedbackUseCase
DA:1,1
DA:2,1
DA:3,1
DA:4,1
DA:5,1
DA:6,1
DA:7,1
DA:8,1
DA:9,1
DA:10,5
DA:11,5
DA:12,1
DA:13,1
DA:14,5
DA:15,1
DA:16,1
DA:17,5
DA:18,1
DA:19,1
DA:20,2
DA:21,2
DA:22,2
DA:23,2
DA:24,2
DA:25,2
DA:26,2
DA:27,2
DA:28,2
DA:29,2
DA:30,2
DA:31,2
DA:32,2
DA:33,2
DA:34,2
DA:35,2
DA:36,2
DA:37,2
DA:38,2
DA:39,2
DA:40,2
DA:41,2
DA:42,2
DA:43,5
DA:44,5
DA:45,5
DA:46,5
DA:47,2
DA:48,1
DA:49,1
LF:49
LH:49
BRDA:9,0,0,5
BRDA:11,1,0,1
BRDA:14,2,0,4
BRDA:14,3,0,1
BRDA:17,4,0,3
BRDA:17,5,0,1
BRDA:20,6,0,2
BRDA:47,7,0,2
BRDA:5,8,0,1
BRF:9
BRH:9
end_of_record
TN:
SF:src\use-cases\delete-feedback-use-case.ts
FN:6,execute
FN:4,DeleteFeedbacksUseCase
FNF:2
FNH:2
FNDA:1,execute
FNDA:1,DeleteFeedbacksUseCase
DA:1,1
DA:2,1
DA:3,1
DA:4,1
DA:5,1
DA:6,1
DA:7,1
DA:8,1
DA:9,1
DA:10,1
DA:11,1
LF:11
LH:11
BRDA:6,0,0,1
BRDA:4,1,0,1
BRF:2
BRH:2
end_of_record
TN:
SF:src\use-cases\get-feedbacks-use-case.ts
FN:6,execute
FN:4,GetFeedbacksUseCase
FNF:2
FNH:2
FNDA:1,execute
FNDA:1,GetFeedbacksUseCase
DA:1,1
DA:2,1
DA:3,1
DA:4,1
DA:5,1
DA:6,1
DA:7,1
DA:8,1
DA:9,1
DA:10,1
DA:11,1
DA:12,1
DA:13,1
LF:13
LH:13
BRDA:6,0,0,1
BRDA:4,1,0,1
BRF:2
BRH:2
end_of_record
TN:
SF:src\use-cases\submit-feedback-use-case.ts
FN:16,execute
FN:11,SubmitFeedbackUseCase
FNF:2
FNH:2
FNDA:5,execute
FNDA:1,SubmitFeedbackUseCase
DA:1,1
DA:2,1
DA:3,1
DA:4,1
DA:5,1
DA:6,1
DA:7,1
DA:8,1
DA:9,1
DA:10,1
DA:11,1
DA:12,1
DA:13,1
DA:14,1
DA:15,1
DA:16,1
DA:17,5
DA:18,5
DA:19,5
DA:20,1
DA:21,1
DA:22,4
DA:23,5
DA:24,1
DA:25,1
DA:26,3
DA:27,5
DA:28,1
DA:29,1
DA:30,2
DA:31,2
DA:32,2
DA:33,2
DA:34,2
DA:35,2
DA:36,2
DA:37,2
DA:38,2
DA:39,2
DA:40,2
DA:41,2
DA:42,2
DA:43,2
DA:44,2
DA:45,2
DA:46,2
DA:47,2
DA:48,2
DA:49,2
DA:50,2
DA:51,2
DA:52,2
DA:53,2
DA:54,2
DA:55,5
DA:56,5
DA:57,5
DA:58,5
DA:59,2
DA:60,1
LF:60
LH:60
BRDA:16,0,0,5
BRDA:19,1,0,1
BRDA:22,2,0,4
BRDA:23,3,0,1
BRDA:26,4,0,3
BRDA:27,5,0,1
BRDA:30,6,0,2
BRDA:59,7,0,2
BRDA:11,8,0,1
BRF:9
BRH:9
end_of_record
